# JRE version: Java(TM) SE Runtime Environment (20.0.1+9) (build 20.0.1+9-29)
# Java VM: Java HotSpot(TM) 64-Bit Server VM (20.0.1+9-29, mixed mode, sharing, tiered, compressed oops, compressed class ptrs, g1 gc, windows-amd64)
GC Precious Log:
 CardTable entry size: 512
 Card Set container configuration: InlinePtr #cards 5 size 8 Array Of Cards #cards 12 size 40 Howl #buckets 4 coarsen threshold 1843 Howl Bitmap #cards 512 size 80 coarsen threshold 460 Card regions per heap region 1 cards per card region 2048
 CPUs: 4 total, 4 available
 Memory: 6021M
 Large Page Support: Disabled
 NUMA Support: Disabled
 Compressed Oops: Enabled (32-bit)
 Heap Region Size: 1M
 Heap Min Capacity: 8M
 Heap Initial Capacity: 96M
 Heap Max Capacity: 1506M
 Pre-touch: Disabled
 Parallel Workers: 4
 Concurrent Workers: 1
 Concurrent Refinement Workers: 4
 Periodic GC: Disabled
Heap:
 garbage-first heap   total 61440K, used 38432K [0x00000000a1e00000, 0x0000000100000000)
  region size 1024K, 13 young (13312K), 1 survivors (1024K)
 Metaspace       used 68961K, committed 69568K, reserved 1114112K
  class space    used 8683K, committed 8960K, reserved 1048576K
GC Heap History (20 events):
Event: 75.810 GC heap before
{Heap before GC invocations=18 (full 0):
 garbage-first heap   total 61440K, used 54550K [0x00000000a1e00000, 0x0000000100000000)
  region size 1024K, 29 young (29696K), 3 survivors (3072K)
 Metaspace       used 68785K, committed 69440K, reserved 1114112K
  class space    used 8678K, committed 8960K, reserved 1048576K
}
Event: 75.820 GC heap after
{Heap after GC invocations=19 (full 0):
 garbage-first heap   total 61440K, used 28046K [0x00000000a1e00000, 0x0000000100000000)
  region size 1024K, 1 young (1024K), 1 survivors (1024K)
 Metaspace       used 68785K, committed 69440K, reserved 1114112K
  class space    used 8678K, committed 8960K, reserved 1048576K
}
Event: 79.694 GC heap before
{Heap before GC invocations=20 (full 0):
 garbage-first heap   total 61440K, used 56718K [0x00000000a1e00000, 0x0000000100000000)
  region size 1024K, 29 young (29696K), 1 survivors (1024K)
 Metaspace       used 68900K, committed 69568K, reserved 1114112K
  class space    used 8678K, committed 8960K, reserved 1048576K
}
Event: 79.698 GC heap after
{Heap after GC invocations=21 (full 0):
 garbage-first heap   total 61440K, used 27804K [0x00000000a1e00000, 0x0000000100000000)
  region size 1024K, 1 young (1024K), 1 survivors (1024K)
 Metaspace       used 68900K, committed 69568K, reserved 1114112K
  class space    used 8678K, committed 8960K, reserved 1048576K
}
Event: 83.451 GC heap before
{Heap before GC invocations=21 (full 0):
 garbage-first heap   total 61440K, used 56476K [0x00000000a1e00000, 0x0000000100000000)
  region size 1024K, 29 young (29696K), 1 survivors (1024K)
 Metaspace       used 68924K, committed 69568K, reserved 1114112K
  class space    used 8679K, committed 8960K, reserved 1048576K
}
Event: 83.457 GC heap after
{Heap after GC invocations=22 (full 0):
 garbage-first heap   total 61440K, used 27641K [0x00000000a1e00000, 0x0000000100000000)
  region size 1024K, 1 young (1024K), 1 survivors (1024K)
 Metaspace       used 68924K, committed 69568K, reserved 1114112K
  class space    used 8679K, committed 8960K, reserved 1048576K
}
Event: 86.246 GC heap before
{Heap before GC invocations=22 (full 0):
 garbage-first heap   total 61440K, used 56313K [0x00000000a1e00000, 0x0000000100000000)
  region size 1024K, 29 young (29696K), 1 survivors (1024K)
 Metaspace       used 68932K, committed 69568K, reserved 1114112K
  class space    used 8679K, committed 8960K, reserved 1048576K
}
Event: 86.249 GC heap after
{Heap after GC invocations=23 (full 0):
 garbage-first heap   total 61440K, used 27556K [0x00000000a1e00000, 0x0000000100000000)
  region size 1024K, 1 young (1024K), 1 survivors (1024K)
 Metaspace       used 68932K, committed 69568K, reserved 1114112K
  class space    used 8679K, committed 8960K, reserved 1048576K
}
Event: 93.824 GC heap before
{Heap before GC invocations=24 (full 0):
 garbage-first heap   total 61440K, used 56228K [0x00000000a1e00000, 0x0000000100000000)
  region size 1024K, 29 young (29696K), 1 survivors (1024K)
 Metaspace       used 68949K, committed 69568K, reserved 1114112K
  class space    used 8682K, committed 8960K, reserved 1048576K
}
Event: 93.827 GC heap after
{Heap after GC invocations=25 (full 0):
 garbage-first heap   total 61440K, used 27525K [0x00000000a1e00000, 0x0000000100000000)
  region size 1024K, 1 young (1024K), 1 survivors (1024K)
 Metaspace       used 68949K, committed 69568K, reserved 1114112K
  class space    used 8682K, committed 8960K, reserved 1048576K
}
Event: 100.799 GC heap before
{Heap before GC invocations=25 (full 0):
 garbage-first heap   total 61440K, used 56197K [0x00000000a1e00000, 0x0000000100000000)
  region size 1024K, 29 young (29696K), 1 survivors (1024K)
 Metaspace       used 68955K, committed 69568K, reserved 1114112K
  class space    used 8682K, committed 8960K, reserved 1048576K
}
Event: 100.805 GC heap after
{Heap after GC invocations=26 (full 0):
 garbage-first heap   total 61440K, used 27325K [0x00000000a1e00000, 0x0000000100000000)
  region size 1024K, 1 young (1024K), 1 survivors (1024K)
 Metaspace       used 68955K, committed 69568K, reserved 1114112K
  class space    used 8682K, committed 8960K, reserved 1048576K
}
Event: 104.237 GC heap before
{Heap before GC invocations=26 (full 0):
 garbage-first heap   total 61440K, used 57021K [0x00000000a1e00000, 0x0000000100000000)
  region size 1024K, 30 young (30720K), 1 survivors (1024K)
 Metaspace       used 68955K, committed 69568K, reserved 1114112K
  class space    used 8682K, committed 8960K, reserved 1048576K
}
Event: 104.243 GC heap after
{Heap after GC invocations=27 (full 0):
 garbage-first heap   total 61440K, used 27339K [0x00000000a1e00000, 0x0000000100000000)
  region size 1024K, 1 young (1024K), 1 survivors (1024K)
 Metaspace       used 68955K, committed 69568K, reserved 1114112K
  class space    used 8682K, committed 8960K, reserved 1048576K
}
Event: 107.410 GC heap before
{Heap before GC invocations=28 (full 0):
 garbage-first heap   total 61440K, used 57035K [0x00000000a1e00000, 0x0000000100000000)
  region size 1024K, 30 young (30720K), 1 survivors (1024K)
 Metaspace       used 68959K, committed 69568K, reserved 1114112K
  class space    used 8683K, committed 8960K, reserved 1048576K
}
Event: 107.413 GC heap after
{Heap after GC invocations=29 (full 0):
 garbage-first heap   total 61440K, used 27284K [0x00000000a1e00000, 0x0000000100000000)
  region size 1024K, 1 young (1024K), 1 survivors (1024K)
 Metaspace       used 68959K, committed 69568K, reserved 1114112K
  class space    used 8683K, committed 8960K, reserved 1048576K
}
Event: 111.460 GC heap before
{Heap before GC invocations=29 (full 0):
 garbage-first heap   total 61440K, used 56980K [0x00000000a1e00000, 0x0000000100000000)
  region size 1024K, 30 young (30720K), 1 survivors (1024K)
 Metaspace       used 68960K, committed 69568K, reserved 1114112K
  class space    used 8683K, committed 8960K, reserved 1048576K
}
Event: 111.465 GC heap after
{Heap after GC invocations=30 (full 0):
 garbage-first heap   total 61440K, used 27192K [0x00000000a1e00000, 0x0000000100000000)
  region size 1024K, 1 young (1024K), 1 survivors (1024K)
 Metaspace       used 68960K, committed 69568K, reserved 1114112K
  class space    used 8683K, committed 8960K, reserved 1048576K
}
Event: 114.922 GC heap before
{Heap before GC invocations=30 (full 0):
 garbage-first heap   total 61440K, used 56888K [0x00000000a1e00000, 0x0000000100000000)
  region size 1024K, 30 young (30720K), 1 survivors (1024K)
 Metaspace       used 68961K, committed 69568K, reserved 1114112K
  class space    used 8683K, committed 8960K, reserved 1048576K
}
Event: 114.927 GC heap after
{Heap after GC invocations=31 (full 0):
 garbage-first heap   total 61440K, used 27168K [0x00000000a1e00000, 0x0000000100000000)
  region size 1024K, 1 young (1024K), 1 survivors (1024K)
 Metaspace       used 68961K, committed 69568K, reserved 1114112K
  class space    used 8683K, committed 8960K, reserved 1048576K
}

